<?xml version="1.0" encoding="UTF-8"?>
<!-- Generated by org.testng.reporters.JUnitReportReporter -->
<testsuite skipped="0" hostname="Rahul" name="runners.TestRunners" tests="1" failures="0" timestamp="2022-10-26T00:02:00 IST" time="41.598" errors="0">
  <testcase name="runScenario" time="41.598" classname="runners.TestRunners"/>
  <system-out/>
</testsuite> <!-- runners.TestRunners -->
